
[31mfatal[39m: GET /api/order - CORS ERROR {"timestamp":"2025-02-23T14:43:50.473Z"}
[31mfatal[39m: GET /api/order/67bb2d5bb9c98bb7cbaef36c - CAST TO OBJECTID FAILED FOR VALUE "{ ID: '67BB2D5BB9C98BB7CBAEF36C' }" (TYPE OBJECT) AT PATH "_ID" FOR MODEL "ORDER" {"timestamp":"2025-02-23T14:44:55.497Z"}
[31mfatal[39m: GET /api/order/67bb2d5bb9c98bb7cbaef36c - CAST TO OBJECTID FAILED FOR VALUE "{ ID: '67BB2D5BB9C98BB7CBAEF36C' }" (TYPE OBJECT) AT PATH "_ID" FOR MODEL "ORDER" {"timestamp":"2025-02-23T14:45:15.744Z"}
[31mfatal[39m: GET /api/order/67bb2fb9b9c98bb7cbaef371 - CAST TO OBJECTID FAILED FOR VALUE "{ ID: '67BB2FB9B9C98BB7CBAEF371' }" (TYPE OBJECT) AT PATH "_ID" FOR MODEL "ORDER" {"timestamp":"2025-02-23T14:46:45.342Z"}
[31mfatal[39m: POST /api/order - ORDER VALIDATION FAILED: TOTALAMOUNT: PATH `TOTALAMOUNT` IS REQUIRED., ORDERITEMS.0.IMAGEURL: PATH `IMAGEURL` IS REQUIRED., ORDERITEMS.0.UNITPRICE: PATH `UNITPRICE` IS REQUIRED. {"timestamp":"2025-02-23T15:44:11.461Z"}
[31mfatal[39m: POST /api/order - ORDER VALIDATION FAILED: TOTALAMOUNT: PATH `TOTALAMOUNT` IS REQUIRED., ORDERITEMS.0.IMAGEURL: PATH `IMAGEURL` IS REQUIRED. {"timestamp":"2025-02-23T15:53:16.474Z"}
[31mfatal[39m: POST /api/order - TOTALAMOUNT IS NOT DEFINED {"timestamp":"2025-02-23T15:56:23.735Z"}
[31mfatal[39m: POST /api/order - ORDER VALIDATION FAILED: ORDERITEMS.0.IMAGEURL: PATH `IMAGEURL` IS REQUIRED. {"timestamp":"2025-02-23T15:57:38.388Z"}
[33merror[39m: GET /api/order/67bb4c29ed704832080c0665 - ORDER NOT FOUND {"timestamp":"2025-02-23T16:38:40.017Z"}
[33merror[39m: GET /api/order/67bb4c29ed704832080c0665 - ORDER NOT FOUND {"timestamp":"2025-02-23T16:40:20.362Z"}
[33merror[39m: GET /api/order/67bb4c29ed704832080c0665 - ORDER NOT FOUND {"timestamp":"2025-02-23T16:40:22.471Z"}
[33merror[39m: GET /api/order/67bb4c29ed704832080c0665 - ORDER NOT FOUND {"timestamp":"2025-02-23T16:40:26.605Z"}
[31mfatal[39m: GET /api/order/[object%20Object] - CAST TO OBJECTID FAILED FOR VALUE "[OBJECT OBJECT]" (TYPE STRING) AT PATH "_ID" FOR MODEL "ORDER" {"timestamp":"2025-02-24T11:12:19.218Z"}
[31mfatal[39m: GET /api/order/[object%20Object] - CAST TO OBJECTID FAILED FOR VALUE "[OBJECT OBJECT]" (TYPE STRING) AT PATH "_ID" FOR MODEL "ORDER" {"timestamp":"2025-02-24T11:12:20.237Z"}
[31mfatal[39m: GET /api/order/[object%20Object] - CAST TO OBJECTID FAILED FOR VALUE "[OBJECT OBJECT]" (TYPE STRING) AT PATH "_ID" FOR MODEL "ORDER" {"timestamp":"2025-02-24T11:12:22.261Z"}
[31mfatal[39m: GET /api/order/[object%20Object] - CAST TO OBJECTID FAILED FOR VALUE "[OBJECT OBJECT]" (TYPE STRING) AT PATH "_ID" FOR MODEL "ORDER" {"timestamp":"2025-02-24T11:12:26.307Z"}
[31mfatal[39m: GET /api/order/[object%20Object] - CAST TO OBJECTID FAILED FOR VALUE "[OBJECT OBJECT]" (TYPE STRING) AT PATH "_ID" FOR MODEL "ORDER" {"timestamp":"2025-02-24T11:12:51.207Z"}
[31mfatal[39m: GET /api/order/[object%20Object] - CAST TO OBJECTID FAILED FOR VALUE "[OBJECT OBJECT]" (TYPE STRING) AT PATH "_ID" FOR MODEL "ORDER" {"timestamp":"2025-02-24T11:12:52.259Z"}
[31mfatal[39m: GET /api/order/[object%20Object] - CAST TO OBJECTID FAILED FOR VALUE "[OBJECT OBJECT]" (TYPE STRING) AT PATH "_ID" FOR MODEL "ORDER" {"timestamp":"2025-02-24T11:12:54.324Z"}
[31mfatal[39m: GET /api/order/[object%20Object] - CAST TO OBJECTID FAILED FOR VALUE "[OBJECT OBJECT]" (TYPE STRING) AT PATH "_ID" FOR MODEL "ORDER" {"timestamp":"2025-02-24T11:12:58.343Z"}
[31mfatal[39m: GET /api/order/[object%20Object] - CAST TO OBJECTID FAILED FOR VALUE "[OBJECT OBJECT]" (TYPE STRING) AT PATH "_ID" FOR MODEL "ORDER" {"timestamp":"2025-02-24T11:14:53.108Z"}
[31mfatal[39m: GET /api/order/[object%20Object] - CAST TO OBJECTID FAILED FOR VALUE "[OBJECT OBJECT]" (TYPE STRING) AT PATH "_ID" FOR MODEL "ORDER" {"timestamp":"2025-02-24T11:14:54.450Z"}
[31mfatal[39m: GET /api/order/[object%20Object] - CAST TO OBJECTID FAILED FOR VALUE "[OBJECT OBJECT]" (TYPE STRING) AT PATH "_ID" FOR MODEL "ORDER" {"timestamp":"2025-02-24T11:14:56.483Z"}
[31mfatal[39m: GET /api/order/[object%20Object] - CAST TO OBJECTID FAILED FOR VALUE "[OBJECT OBJECT]" (TYPE STRING) AT PATH "_ID" FOR MODEL "ORDER" {"timestamp":"2025-02-24T11:15:00.529Z"}
[31mfatal[39m: GET /api/order/[object%20Object] - CAST TO OBJECTID FAILED FOR VALUE "[OBJECT OBJECT]" (TYPE STRING) AT PATH "_ID" FOR MODEL "ORDER" {"timestamp":"2025-02-24T11:15:15.310Z"}
[31mfatal[39m: GET /api/order/[object%20Object] - CAST TO OBJECTID FAILED FOR VALUE "[OBJECT OBJECT]" (TYPE STRING) AT PATH "_ID" FOR MODEL "ORDER" {"timestamp":"2025-02-24T11:15:16.374Z"}
[31mfatal[39m: GET /api/order/[object%20Object] - CAST TO OBJECTID FAILED FOR VALUE "[OBJECT OBJECT]" (TYPE STRING) AT PATH "_ID" FOR MODEL "ORDER" {"timestamp":"2025-02-24T11:15:18.413Z"}
[31mfatal[39m: GET /api/order/[object%20Object] - CAST TO OBJECTID FAILED FOR VALUE "[OBJECT OBJECT]" (TYPE STRING) AT PATH "_ID" FOR MODEL "ORDER" {"timestamp":"2025-02-24T11:15:22.452Z"}
[31mfatal[39m: GET /api/order/[object%20Object] - CAST TO OBJECTID FAILED FOR VALUE "[OBJECT OBJECT]" (TYPE STRING) AT PATH "_ID" FOR MODEL "ORDER" {"timestamp":"2025-02-24T11:15:30.227Z"}
[31mfatal[39m: GET /api/order/[object%20Object] - CAST TO OBJECTID FAILED FOR VALUE "[OBJECT OBJECT]" (TYPE STRING) AT PATH "_ID" FOR MODEL "ORDER" {"timestamp":"2025-02-24T11:15:31.248Z"}
[31mfatal[39m: GET /api/order/[object%20Object] - CAST TO OBJECTID FAILED FOR VALUE "[OBJECT OBJECT]" (TYPE STRING) AT PATH "_ID" FOR MODEL "ORDER" {"timestamp":"2025-02-24T11:15:33.271Z"}
[31mfatal[39m: GET /api/order/[object%20Object] - CAST TO OBJECTID FAILED FOR VALUE "[OBJECT OBJECT]" (TYPE STRING) AT PATH "_ID" FOR MODEL "ORDER" {"timestamp":"2025-02-24T11:15:37.305Z"}
[31mfatal[39m: GET /api/order/[object%20Object] - CAST TO OBJECTID FAILED FOR VALUE "[OBJECT OBJECT]" (TYPE STRING) AT PATH "_ID" FOR MODEL "ORDER" {"timestamp":"2025-02-24T11:15:52.760Z"}
[31mfatal[39m: GET /api/order/[object%20Object] - CAST TO OBJECTID FAILED FOR VALUE "[OBJECT OBJECT]" (TYPE STRING) AT PATH "_ID" FOR MODEL "ORDER" {"timestamp":"2025-02-24T11:15:53.783Z"}
[31mfatal[39m: GET /api/order/[object%20Object] - CAST TO OBJECTID FAILED FOR VALUE "[OBJECT OBJECT]" (TYPE STRING) AT PATH "_ID" FOR MODEL "ORDER" {"timestamp":"2025-02-24T11:15:55.811Z"}
[31mfatal[39m: GET /api/order/[object%20Object] - CAST TO OBJECTID FAILED FOR VALUE "[OBJECT OBJECT]" (TYPE STRING) AT PATH "_ID" FOR MODEL "ORDER" {"timestamp":"2025-02-24T11:15:59.874Z"}
[31mfatal[39m: GET /api/order/[object%20Object] - CAST TO OBJECTID FAILED FOR VALUE "[OBJECT OBJECT]" (TYPE STRING) AT PATH "_ID" FOR MODEL "ORDER" {"timestamp":"2025-02-24T11:16:42.693Z"}
[31mfatal[39m: GET /api/order/[object%20Object] - CAST TO OBJECTID FAILED FOR VALUE "[OBJECT OBJECT]" (TYPE STRING) AT PATH "_ID" FOR MODEL "ORDER" {"timestamp":"2025-02-24T11:16:43.956Z"}
[31mfatal[39m: GET /api/order/[object%20Object] - CAST TO OBJECTID FAILED FOR VALUE "[OBJECT OBJECT]" (TYPE STRING) AT PATH "_ID" FOR MODEL "ORDER" {"timestamp":"2025-02-24T11:16:46.345Z"}
[31mfatal[39m: GET /api/order/[object%20Object] - CAST TO OBJECTID FAILED FOR VALUE "[OBJECT OBJECT]" (TYPE STRING) AT PATH "_ID" FOR MODEL "ORDER" {"timestamp":"2025-02-24T11:16:50.357Z"}
[31mfatal[39m: GET /api/order/[object%20Object] - CAST TO OBJECTID FAILED FOR VALUE "[OBJECT OBJECT]" (TYPE STRING) AT PATH "_ID" FOR MODEL "ORDER" {"timestamp":"2025-02-24T11:17:02.259Z"}
[31mfatal[39m: GET /api/order/[object%20Object] - CAST TO OBJECTID FAILED FOR VALUE "[OBJECT OBJECT]" (TYPE STRING) AT PATH "_ID" FOR MODEL "ORDER" {"timestamp":"2025-02-24T11:17:03.562Z"}
[31mfatal[39m: GET /api/order/[object%20Object] - CAST TO OBJECTID FAILED FOR VALUE "[OBJECT OBJECT]" (TYPE STRING) AT PATH "_ID" FOR MODEL "ORDER" {"timestamp":"2025-02-24T11:17:05.591Z"}
[31mfatal[39m: GET /api/order/[object%20Object] - CAST TO OBJECTID FAILED FOR VALUE "[OBJECT OBJECT]" (TYPE STRING) AT PATH "_ID" FOR MODEL "ORDER" {"timestamp":"2025-02-24T11:17:09.625Z"}
[31mfatal[39m: GET /api/order/[object%20Object] - CAST TO OBJECTID FAILED FOR VALUE "[OBJECT OBJECT]" (TYPE STRING) AT PATH "_ID" FOR MODEL "ORDER" {"timestamp":"2025-02-24T11:17:17.723Z"}
[31mfatal[39m: GET /api/order/[object%20Object] - CAST TO OBJECTID FAILED FOR VALUE "[OBJECT OBJECT]" (TYPE STRING) AT PATH "_ID" FOR MODEL "ORDER" {"timestamp":"2025-02-24T11:17:18.741Z"}
[31mfatal[39m: GET /api/order/[object%20Object] - CAST TO OBJECTID FAILED FOR VALUE "[OBJECT OBJECT]" (TYPE STRING) AT PATH "_ID" FOR MODEL "ORDER" {"timestamp":"2025-02-24T11:17:20.764Z"}
[31mfatal[39m: GET /api/order/[object%20Object] - CAST TO OBJECTID FAILED FOR VALUE "[OBJECT OBJECT]" (TYPE STRING) AT PATH "_ID" FOR MODEL "ORDER" {"timestamp":"2025-02-24T11:17:24.801Z"}
[31mfatal[39m: GET /api/order/[object%20Object] - CAST TO OBJECTID FAILED FOR VALUE "[OBJECT OBJECT]" (TYPE STRING) AT PATH "_ID" FOR MODEL "ORDER" {"timestamp":"2025-02-24T11:18:16.722Z"}
[31mfatal[39m: GET /api/order/[object%20Object] - CAST TO OBJECTID FAILED FOR VALUE "[OBJECT OBJECT]" (TYPE STRING) AT PATH "_ID" FOR MODEL "ORDER" {"timestamp":"2025-02-24T11:18:17.764Z"}
[31mfatal[39m: GET /api/order/[object%20Object] - CAST TO OBJECTID FAILED FOR VALUE "[OBJECT OBJECT]" (TYPE STRING) AT PATH "_ID" FOR MODEL "ORDER" {"timestamp":"2025-02-24T11:18:19.796Z"}
[31mfatal[39m: GET /api/order/[object%20Object] - CAST TO OBJECTID FAILED FOR VALUE "[OBJECT OBJECT]" (TYPE STRING) AT PATH "_ID" FOR MODEL "ORDER" {"timestamp":"2025-02-24T11:18:23.829Z"}
[31mfatal[39m: POST /api/order - ORDER VALIDATION FAILED: ORDERITEMS.0.NAME: PATH `NAME` IS REQUIRED. {"timestamp":"2025-02-24T23:57:46.903Z"}
[33merror[39m: POST /api/order - UNEXPECTED TOKEN ',', ..."ITPRICE": ,
       "... IS NOT VALID JSON {"timestamp":"2025-02-24T23:57:59.820Z"}
[33merror[39m: POST /api/order - UNEXPECTED TOKEN ',', ..."ITPRICE": ,
       "... IS NOT VALID JSON {"timestamp":"2025-02-24T23:58:47.570Z"}
[33merror[39m: POST /api/order - UNEXPECTED TOKEN 'S', ..."ITPRICE": S,
      "... IS NOT VALID JSON {"timestamp":"2025-02-24T23:58:54.068Z"}
[31mfatal[39m: POST /api/order - ORDER VALIDATION FAILED: ORDERITEMS.0.IMAGEURL: PATH `IMAGEURL` IS REQUIRED. {"timestamp":"2025-02-24T23:59:03.653Z"}
[33merror[39m: POST /api/order - EXPECTED ',' OR '}' AFTER PROPERTY VALUE IN JSON AT POSITION 629 {"timestamp":"2025-02-24T23:59:14.555Z"}
[33merror[39m: POST /api/order - UNEXPECTED TOKEN '}', ..."
        },
      "... IS NOT VALID JSON {"timestamp":"2025-02-24T23:59:19.013Z"}
[33merror[39m: POST /api/order - UNEXPECTED TOKEN '}', ..."MOUNT": 
}" IS NOT VALID JSON {"timestamp":"2025-02-24T23:59:58.640Z"}
[33merror[39m: POST /api/order - EXPECTED ',' OR '}' AFTER PROPERTY VALUE IN JSON AT POSITION 934 {"timestamp":"2025-02-25T00:00:06.859Z"}
[33merror[39m: POST /api/order - UNEXPECTED TOKEN ',', ..."ITPRICE": ,
       "... IS NOT VALID JSON {"timestamp":"2025-02-25T00:06:19.073Z"}
[33merror[39m: POST /api/order - EXPECTED ',' OR '}' AFTER PROPERTY VALUE IN JSON AT POSITION 515 {"timestamp":"2025-02-25T00:06:26.868Z"}
[33merror[39m: GET /api/order/67bd071e47efaf29f5f9634e - ORDER NOT FOUND {"timestamp":"2025-02-25T00:16:31.544Z"}
[33merror[39m: GET /api/order/67bd071e47efaf29f5f9634e - ORDER NOT FOUND {"timestamp":"2025-02-25T00:20:36.289Z"}
[33merror[39m: GET /api/order/67bd071e47efaf29f5f9634e - ORDER NOT FOUND {"timestamp":"2025-02-25T00:20:38.518Z"}
[33merror[39m: GET /api/order/67bd071e47efaf29f5f9634e - ORDER NOT FOUND {"timestamp":"2025-02-25T00:20:42.603Z"}
[31mfatal[39m: POST /api/order - SHIPPINGCOST IS NOT DEFINED {"timestamp":"2025-02-25T00:21:06.801Z"}
[31mfatal[39m: POST /api/order - SHIPPINGCOST IS NOT DEFINED {"timestamp":"2025-02-25T00:22:19.759Z"}
