[34minfo[39m: Mongo Connected to: cluster0-shard-00-02.mgt38.mongodb.net:27017 {"timestamp":"2025-02-11T00:48:20.630Z"}
[34minfo[39m: Mongo Connected to: cluster0-shard-00-02.mgt38.mongodb.net:27017 {"timestamp":"2025-02-11T00:48:38.979Z"}
[34minfo[39m: Mongo Connected to: cluster0-shard-00-01.mgt38.mongodb.net:27017 {"timestamp":"2025-02-11T00:50:19.895Z"}
[34minfo[39m: Mongo Connected to: cluster0-shard-00-00.mgt38.mongodb.net:27017 {"timestamp":"2025-02-11T00:51:03.151Z"}
[34minfo[39m: Mongo Connected to: cluster0-shard-00-00.mgt38.mongodb.net:27017 {"timestamp":"2025-02-11T00:51:58.263Z"}
[33merror[39m: [31m[1mError connecting to MongoDB[22m[39m {"timestamp":"2025-02-11T00:52:17.882Z"}
[34minfo[39m: Mongo Connected to: cluster0-shard-00-01.mgt38.mongodb.net:27017 {"timestamp":"2025-02-11T00:52:41.080Z"}
[34minfo[39m: Mongo Connected to: cluster0-shard-00-01.mgt38.mongodb.net:27017 {"timestamp":"2025-02-11T00:53:17.014Z"}
[33merror[39m: GET /api/product - THERE ARE NO PRODUCTS {"timestamp":"2025-02-11T00:53:20.822Z"}
[34minfo[39m: Mongo Connected to: cluster0-shard-00-01.mgt38.mongodb.net:27017 {"timestamp":"2025-02-11T00:53:32.760Z"}
[34minfo[39m: Mongo Connected to: cluster0-shard-00-02.mgt38.mongodb.net:27017 {"timestamp":"2025-02-11T00:54:04.252Z"}
[33merror[39m: [31m[1mError connecting to MongoDB[22m[39m {"timestamp":"2025-02-11T00:55:34.271Z"}
[34minfo[39m: Mongo Connected to: cluster0-shard-00-02.mgt38.mongodb.net:27017 {"timestamp":"2025-02-11T00:56:00.421Z"}
[33merror[39m: GET /api/product - THERE ARE NO PRODUCTS {"timestamp":"2025-02-11T00:56:07.849Z"}
[34minfo[39m: Mongo Connected to: cluster0-shard-00-01.mgt38.mongodb.net:27017 {"timestamp":"2025-02-11T00:56:53.394Z"}
[34minfo[39m: Mongo Connected to: cluster0-shard-00-02.mgt38.mongodb.net:27017 {"timestamp":"2025-02-11T00:56:55.873Z"}
[34minfo[39m: Mongo Connected to: cluster0-shard-00-00.mgt38.mongodb.net:27017 {"timestamp":"2025-02-11T01:05:30.824Z"}
[34minfo[39m: Mongo Connected to: cluster0-shard-00-00.mgt38.mongodb.net:27017 {"timestamp":"2025-02-11T01:05:55.792Z"}
[34minfo[39m: Mongo Connected to: cluster0-shard-00-02.mgt38.mongodb.net:27017 {"timestamp":"2025-02-11T01:06:11.946Z"}
[34minfo[39m: Mongo Connected to: cluster0-shard-00-00.mgt38.mongodb.net:27017 {"timestamp":"2025-02-11T01:06:32.005Z"}
[34minfo[39m: Mongo Connected to: cluster0-shard-00-01.mgt38.mongodb.net:27017 {"timestamp":"2025-02-11T01:07:13.761Z"}
[34minfo[39m: Mongo Connected to: cluster0-shard-00-02.mgt38.mongodb.net:27017 {"timestamp":"2025-02-11T01:07:31.359Z"}
[34minfo[39m: Mongo Connected to: cluster0-shard-00-00.mgt38.mongodb.net:27017 {"timestamp":"2025-02-11T01:07:38.891Z"}
[34minfo[39m: Mongo Connected to: cluster0-shard-00-00.mgt38.mongodb.net:27017 {"timestamp":"2025-02-11T01:09:40.947Z"}
[34minfo[39m: Mongo Connected to: cluster0-shard-00-02.mgt38.mongodb.net:27017 {"timestamp":"2025-02-11T01:09:55.907Z"}
[34minfo[39m: Mongo Connected to: cluster0-shard-00-01.mgt38.mongodb.net:27017 {"timestamp":"2025-02-11T01:10:07.609Z"}
[34minfo[39m: Mongo Connected to: cluster0-shard-00-02.mgt38.mongodb.net:27017 {"timestamp":"2025-02-11T01:15:05.238Z"}
[34minfo[39m: Mongo Connected to: cluster0-shard-00-01.mgt38.mongodb.net:27017 {"timestamp":"2025-02-11T01:15:25.213Z"}
[34minfo[39m: Mongo Connected to: cluster0-shard-00-02.mgt38.mongodb.net:27017 {"timestamp":"2025-02-11T01:16:55.659Z"}
[34minfo[39m: Mongo Connected to: cluster0-shard-00-01.mgt38.mongodb.net:27017 {"timestamp":"2025-02-11T01:17:04.411Z"}
[34minfo[39m: Mongo Connected to: cluster0-shard-00-02.mgt38.mongodb.net:27017 {"timestamp":"2025-02-11T01:21:04.036Z"}
[34minfo[39m: Mongo Connected to: cluster0-shard-00-02.mgt38.mongodb.net:27017 {"timestamp":"2025-02-11T01:22:44.811Z"}
[34minfo[39m: Mongo Connected to: cluster0-shard-00-02.mgt38.mongodb.net:27017 {"timestamp":"2025-02-11T01:22:58.236Z"}
[34minfo[39m: Mongo Connected to: cluster0-shard-00-00.mgt38.mongodb.net:27017 {"timestamp":"2025-02-11T01:23:21.058Z"}
[34minfo[39m: Mongo Connected to: cluster0-shard-00-02.mgt38.mongodb.net:27017 {"timestamp":"2025-02-11T01:23:36.893Z"}
[34minfo[39m: Mongo Connected to: cluster0-shard-00-01.mgt38.mongodb.net:27017 {"timestamp":"2025-02-11T01:24:02.649Z"}
[34minfo[39m: Mongo Connected to: cluster0-shard-00-00.mgt38.mongodb.net:27017 {"timestamp":"2025-02-11T01:24:07.186Z"}
[34minfo[39m: Mongo Connected to: cluster0-shard-00-02.mgt38.mongodb.net:27017 {"timestamp":"2025-02-11T01:24:10.925Z"}
[33merror[39m: POST /api/product - EXPECTED PROPERTY NAME OR '}' IN JSON AT POSITION 7 {"timestamp":"2025-02-11T01:29:59.166Z"}
[34minfo[39m: Mongo Connected to: cluster0-shard-00-00.mgt38.mongodb.net:27017 {"timestamp":"2025-02-11T12:37:13.629Z"}
[34minfo[39m: Mongo Connected to: cluster0-shard-00-00.mgt38.mongodb.net:27017 {"timestamp":"2025-02-11T12:37:46.946Z"}
[34minfo[39m: Mongo Connected to: cluster0-shard-00-02.mgt38.mongodb.net:27017 {"timestamp":"2025-02-11T12:38:02.814Z"}
[34minfo[39m: Mongo Connected to: cluster0-shard-00-00.mgt38.mongodb.net:27017 {"timestamp":"2025-02-11T12:38:34.241Z"}
[34minfo[39m: Mongo Connected to: cluster0-shard-00-01.mgt38.mongodb.net:27017 {"timestamp":"2025-02-11T12:50:03.319Z"}
[34minfo[39m: Mongo Connected to: cluster0-shard-00-02.mgt38.mongodb.net:27017 {"timestamp":"2025-02-11T12:50:22.628Z"}
[34minfo[39m: Mongo Connected to: cluster0-shard-00-01.mgt38.mongodb.net:27017 {"timestamp":"2025-02-11T12:50:33.650Z"}
[34minfo[39m: Mongo Connected to: cluster0-shard-00-01.mgt38.mongodb.net:27017 {"timestamp":"2025-02-11T12:50:55.104Z"}
[34minfo[39m: Mongo Connected to: cluster0-shard-00-02.mgt38.mongodb.net:27017 {"timestamp":"2025-02-11T12:53:05.182Z"}
[34minfo[39m: Mongo Connected to: cluster0-shard-00-00.mgt38.mongodb.net:27017 {"timestamp":"2025-02-11T12:54:07.858Z"}
[34minfo[39m: Mongo Connected to: cluster0-shard-00-00.mgt38.mongodb.net:27017 {"timestamp":"2025-02-11T12:57:03.570Z"}
[34minfo[39m: Mongo Connected to: cluster0-shard-00-02.mgt38.mongodb.net:27017 {"timestamp":"2025-02-11T12:59:19.634Z"}
[34minfo[39m: Mongo Connected to: cluster0-shard-00-02.mgt38.mongodb.net:27017 {"timestamp":"2025-02-11T13:00:51.438Z"}
[34minfo[39m: Mongo Connected to: cluster0-shard-00-01.mgt38.mongodb.net:27017 {"timestamp":"2025-02-11T13:01:39.471Z"}
[34minfo[39m: Mongo Connected to: cluster0-shard-00-00.mgt38.mongodb.net:27017 {"timestamp":"2025-02-11T13:07:16.378Z"}
[34minfo[39m: Mongo Connected to: cluster0-shard-00-02.mgt38.mongodb.net:27017 {"timestamp":"2025-02-11T19:12:31.704Z"}
[31mfatal[39m: POST /api/product - CORS ERROR {"timestamp":"2025-02-11T19:17:51.773Z"}
[34minfo[39m: Mongo Connected to: cluster0-shard-00-02.mgt38.mongodb.net:27017 {"timestamp":"2025-02-11T19:18:22.498Z"}
[34minfo[39m: Mongo Connected to: cluster0-shard-00-02.mgt38.mongodb.net:27017 {"timestamp":"2025-02-11T19:24:42.071Z"}
[34minfo[39m: Mongo Connected to: cluster0-shard-00-00.mgt38.mongodb.net:27017 {"timestamp":"2025-02-11T19:24:45.652Z"}
[34minfo[39m: Mongo Connected to: cluster0-shard-00-02.mgt38.mongodb.net:27017 {"timestamp":"2025-02-11T19:30:55.746Z"}
[34minfo[39m: Mongo Connected to: cluster0-shard-00-00.mgt38.mongodb.net:27017 {"timestamp":"2025-02-14T14:17:42.934Z"}
[34minfo[39m: Mongo Connected to: cluster0-shard-00-00.mgt38.mongodb.net:27017 {"timestamp":"2025-02-14T20:03:22.995Z"}
[34minfo[39m: Mongo Connected to: cluster0-shard-00-00.mgt38.mongodb.net:27017 {"timestamp":"2025-02-14T22:45:37.373Z"}
[31mfatal[39m: GET /api/product - READ ECONNRESET {"timestamp":"2025-02-15T01:56:25.794Z"}
[34minfo[39m: Mongo Connected to: cluster0-shard-00-01.mgt38.mongodb.net:27017 {"timestamp":"2025-02-15T21:19:11.138Z"}
[34minfo[39m: Mongo Connected to: cluster0-shard-00-00.mgt38.mongodb.net:27017 {"timestamp":"2025-02-16T21:32:02.514Z"}
[34minfo[39m: Mongo Connected to: cluster0-shard-00-00.mgt38.mongodb.net:27017 {"timestamp":"2025-02-17T21:34:41.197Z"}
[34minfo[39m: Mongo Connected to: cluster0-shard-00-01.mgt38.mongodb.net:27017 {"timestamp":"2025-02-18T10:59:54.882Z"}
[34minfo[39m: Mongo Connected to: cluster0-shard-00-01.mgt38.mongodb.net:27017 {"timestamp":"2025-02-19T10:56:36.710Z"}
[34minfo[39m: Mongo Connected to: cluster0-shard-00-02.mgt38.mongodb.net:27017 {"timestamp":"2025-02-19T12:56:05.230Z"}
[34minfo[39m: Mongo Connected to: cluster0-shard-00-01.mgt38.mongodb.net:27017 {"timestamp":"2025-02-19T13:56:12.820Z"}
[34minfo[39m: Mongo Connected to: cluster0-shard-00-00.mgt38.mongodb.net:27017 {"timestamp":"2025-02-19T14:01:47.611Z"}
[34minfo[39m: Mongo Connected to: cluster0-shard-00-01.mgt38.mongodb.net:27017 {"timestamp":"2025-02-19T14:02:07.203Z"}
[34minfo[39m: Mongo Connected to: cluster0-shard-00-01.mgt38.mongodb.net:27017 {"timestamp":"2025-02-19T14:03:20.434Z"}
[34minfo[39m: Mongo Connected to: cluster0-shard-00-02.mgt38.mongodb.net:27017 {"timestamp":"2025-02-19T14:05:59.349Z"}
[34minfo[39m: Mongo Connected to: cluster0-shard-00-02.mgt38.mongodb.net:27017 {"timestamp":"2025-02-19T14:06:21.073Z"}
[34minfo[39m: Mongo Connected to: cluster0-shard-00-02.mgt38.mongodb.net:27017 {"timestamp":"2025-02-19T14:06:54.199Z"}
[34minfo[39m: Mongo Connected to: cluster0-shard-00-00.mgt38.mongodb.net:27017 {"timestamp":"2025-02-19T14:07:11.275Z"}
[34minfo[39m: Mongo Connected to: cluster0-shard-00-01.mgt38.mongodb.net:27017 {"timestamp":"2025-02-19T14:07:58.071Z"}
[34minfo[39m: Mongo Connected to: cluster0-shard-00-01.mgt38.mongodb.net:27017 {"timestamp":"2025-02-19T14:08:55.927Z"}
[34minfo[39m: Mongo Connected to: cluster0-shard-00-02.mgt38.mongodb.net:27017 {"timestamp":"2025-02-19T14:09:13.085Z"}
[34minfo[39m: Mongo Connected to: cluster0-shard-00-00.mgt38.mongodb.net:27017 {"timestamp":"2025-02-19T14:10:48.999Z"}
[34minfo[39m: Mongo Connected to: cluster0-shard-00-00.mgt38.mongodb.net:27017 {"timestamp":"2025-02-19T14:11:09.720Z"}
[34minfo[39m: Mongo Connected to: cluster0-shard-00-01.mgt38.mongodb.net:27017 {"timestamp":"2025-02-19T14:11:26.344Z"}
[34minfo[39m: Mongo Connected to: cluster0-shard-00-01.mgt38.mongodb.net:27017 {"timestamp":"2025-02-19T14:12:28.281Z"}
[34minfo[39m: Mongo Connected to: cluster0-shard-00-00.mgt38.mongodb.net:27017 {"timestamp":"2025-02-19T14:12:42.390Z"}
[34minfo[39m: Mongo Connected to: cluster0-shard-00-02.mgt38.mongodb.net:27017 {"timestamp":"2025-02-19T14:13:34.967Z"}
[34minfo[39m: Mongo Connected to: cluster0-shard-00-02.mgt38.mongodb.net:27017 {"timestamp":"2025-02-19T14:13:39.838Z"}
[34minfo[39m: Mongo Connected to: cluster0-shard-00-00.mgt38.mongodb.net:27017 {"timestamp":"2025-02-19T14:20:55.922Z"}
[34minfo[39m: Mongo Connected to: cluster0-shard-00-02.mgt38.mongodb.net:27017 {"timestamp":"2025-02-20T01:24:24.017Z"}
[34minfo[39m: Mongo Connected to: cluster0-shard-00-00.mgt38.mongodb.net:27017 {"timestamp":"2025-02-20T01:38:40.752Z"}
[34minfo[39m: Mongo Connected to: cluster0-shard-00-02.mgt38.mongodb.net:27017 {"timestamp":"2025-02-20T01:39:53.995Z"}
[34minfo[39m: Mongo Connected to: cluster0-shard-00-00.mgt38.mongodb.net:27017 {"timestamp":"2025-02-20T01:40:45.162Z"}
[34minfo[39m: Mongo Connected to: cluster0-shard-00-00.mgt38.mongodb.net:27017 {"timestamp":"2025-02-20T01:40:51.654Z"}
[34minfo[39m: Mongo Connected to: cluster0-shard-00-01.mgt38.mongodb.net:27017 {"timestamp":"2025-02-20T01:40:59.061Z"}
[34minfo[39m: Mongo Connected to: cluster0-shard-00-00.mgt38.mongodb.net:27017 {"timestamp":"2025-02-20T01:41:22.264Z"}
[34minfo[39m: Mongo Connected to: cluster0-shard-00-01.mgt38.mongodb.net:27017 {"timestamp":"2025-02-20T01:42:05.547Z"}
[34minfo[39m: Mongo Connected to: cluster0-shard-00-00.mgt38.mongodb.net:27017 {"timestamp":"2025-02-20T01:42:16.355Z"}
[34minfo[39m: Mongo Connected to: cluster0-shard-00-00.mgt38.mongodb.net:27017 {"timestamp":"2025-02-20T01:42:27.933Z"}
[34minfo[39m: Mongo Connected to: cluster0-shard-00-01.mgt38.mongodb.net:27017 {"timestamp":"2025-02-20T01:43:25.908Z"}
[31mfatal[39m: POST /api/orders - CORS ERROR {"timestamp":"2025-02-20T01:43:28.437Z"}
[34minfo[39m: Mongo Connected to: cluster0-shard-00-00.mgt38.mongodb.net:27017 {"timestamp":"2025-02-20T01:43:42.232Z"}
[34minfo[39m: Mongo Connected to: cluster0-shard-00-00.mgt38.mongodb.net:27017 {"timestamp":"2025-02-20T01:43:59.137Z"}
[34minfo[39m: Mongo Connected to: cluster0-shard-00-00.mgt38.mongodb.net:27017 {"timestamp":"2025-02-20T01:47:32.407Z"}
[34minfo[39m: Mongo Connected to: cluster0-shard-00-01.mgt38.mongodb.net:27017 {"timestamp":"2025-02-20T01:47:43.157Z"}
[34minfo[39m: Mongo Connected to: cluster0-shard-00-02.mgt38.mongodb.net:27017 {"timestamp":"2025-02-20T01:47:54.643Z"}
[34minfo[39m: Mongo Connected to: cluster0-shard-00-01.mgt38.mongodb.net:27017 {"timestamp":"2025-02-20T01:48:13.300Z"}
[34minfo[39m: Mongo Connected to: cluster0-shard-00-01.mgt38.mongodb.net:27017 {"timestamp":"2025-02-20T01:48:21.510Z"}
[34minfo[39m: Mongo Connected to: cluster0-shard-00-00.mgt38.mongodb.net:27017 {"timestamp":"2025-02-20T01:52:52.566Z"}
[34minfo[39m: Mongo Connected to: cluster0-shard-00-02.mgt38.mongodb.net:27017 {"timestamp":"2025-02-20T01:52:58.206Z"}
[34minfo[39m: Mongo Connected to: cluster0-shard-00-02.mgt38.mongodb.net:27017 {"timestamp":"2025-02-20T01:54:38.572Z"}
[34minfo[39m: Mongo Connected to: cluster0-shard-00-00.mgt38.mongodb.net:27017 {"timestamp":"2025-02-20T01:56:22.007Z"}
[34minfo[39m: Mongo Connected to: cluster0-shard-00-02.mgt38.mongodb.net:27017 {"timestamp":"2025-02-20T01:58:28.947Z"}
[34minfo[39m: Mongo Connected to: cluster0-shard-00-00.mgt38.mongodb.net:27017 {"timestamp":"2025-02-20T01:58:54.929Z"}
[34minfo[39m: Mongo Connected to: cluster0-shard-00-02.mgt38.mongodb.net:27017 {"timestamp":"2025-02-20T02:00:23.125Z"}
[34minfo[39m: Mongo Connected to: cluster0-shard-00-01.mgt38.mongodb.net:27017 {"timestamp":"2025-02-20T02:01:03.177Z"}
[34minfo[39m: Mongo Connected to: cluster0-shard-00-02.mgt38.mongodb.net:27017 {"timestamp":"2025-02-20T02:02:49.188Z"}
[34minfo[39m: Mongo Connected to: cluster0-shard-00-01.mgt38.mongodb.net:27017 {"timestamp":"2025-02-20T02:03:30.658Z"}
[31mfatal[39m: POST /api/orders - MONGOOSE IS NOT DEFINED {"timestamp":"2025-02-20T02:04:00.323Z"}
[34minfo[39m: Mongo Connected to: cluster0-shard-00-01.mgt38.mongodb.net:27017 {"timestamp":"2025-02-20T02:04:49.842Z"}
[34minfo[39m: Mongo Connected to: cluster0-shard-00-00.mgt38.mongodb.net:27017 {"timestamp":"2025-02-20T02:08:21.159Z"}
[34minfo[39m: Mongo Connected to: cluster0-shard-00-02.mgt38.mongodb.net:27017 {"timestamp":"2025-02-20T02:08:41.669Z"}
[34minfo[39m: Mongo Connected to: cluster0-shard-00-01.mgt38.mongodb.net:27017 {"timestamp":"2025-02-20T02:09:47.818Z"}
[34minfo[39m: Mongo Connected to: cluster0-shard-00-00.mgt38.mongodb.net:27017 {"timestamp":"2025-02-20T02:09:56.910Z"}
[33merror[39m: GET /api/orders - THERE ARE NO ORDERS YET {"timestamp":"2025-02-20T02:14:44.267Z"}
[34minfo[39m: Mongo Connected to: cluster0-shard-00-02.mgt38.mongodb.net:27017 {"timestamp":"2025-02-20T02:19:29.940Z"}
[34minfo[39m: Mongo Connected to: cluster0-shard-00-01.mgt38.mongodb.net:27017 {"timestamp":"2025-02-20T11:39:49.157Z"}
[34minfo[39m: Mongo Connected to: cluster0-shard-00-01.mgt38.mongodb.net:27017 {"timestamp":"2025-02-20T11:40:27.926Z"}
[34minfo[39m: Mongo Connected to: cluster0-shard-00-01.mgt38.mongodb.net:27017 {"timestamp":"2025-02-20T11:40:54.362Z"}
[34minfo[39m: Mongo Connected to: cluster0-shard-00-02.mgt38.mongodb.net:27017 {"timestamp":"2025-02-20T11:43:14.913Z"}
[33merror[39m: GET /api/orders - THERE ARE NO ORDERS YET {"timestamp":"2025-02-20T11:43:51.554Z"}
[34minfo[39m: Mongo Connected to: cluster0-shard-00-02.mgt38.mongodb.net:27017 {"timestamp":"2025-02-20T11:47:06.140Z"}
[34minfo[39m: Mongo Connected to: cluster0-shard-00-02.mgt38.mongodb.net:27017 {"timestamp":"2025-02-20T11:47:33.706Z"}
[34minfo[39m: Mongo Connected to: cluster0-shard-00-00.mgt38.mongodb.net:27017 {"timestamp":"2025-02-20T11:47:44.007Z"}
[34minfo[39m: Mongo Connected to: cluster0-shard-00-02.mgt38.mongodb.net:27017 {"timestamp":"2025-02-20T11:48:24.494Z"}
[34minfo[39m: Mongo Connected to: cluster0-shard-00-02.mgt38.mongodb.net:27017 {"timestamp":"2025-02-20T11:49:20.568Z"}
[34minfo[39m: Mongo Connected to: cluster0-shard-00-01.mgt38.mongodb.net:27017 {"timestamp":"2025-02-20T11:50:27.718Z"}
[34minfo[39m: Mongo Connected to: cluster0-shard-00-00.mgt38.mongodb.net:27017 {"timestamp":"2025-02-20T11:50:44.666Z"}
[34minfo[39m: Mongo Connected to: cluster0-shard-00-00.mgt38.mongodb.net:27017 {"timestamp":"2025-02-20T11:55:39.674Z"}
[34minfo[39m: Mongo Connected to: cluster0-shard-00-02.mgt38.mongodb.net:27017 {"timestamp":"2025-02-20T11:56:16.120Z"}
[34minfo[39m: Mongo Connected to: cluster0-shard-00-00.mgt38.mongodb.net:27017 {"timestamp":"2025-02-20T11:57:32.011Z"}
[34minfo[39m: Mongo Connected to: cluster0-shard-00-00.mgt38.mongodb.net:27017 {"timestamp":"2025-02-20T11:58:10.623Z"}
[31mfatal[39m: POST /api/orders - ORDER VALIDATION FAILED: CUSTOMER.NAME: PATH `CUSTOMER.NAME` IS REQUIRED. {"timestamp":"2025-02-20T11:58:22.789Z"}
[34minfo[39m: Mongo Connected to: cluster0-shard-00-02.mgt38.mongodb.net:27017 {"timestamp":"2025-02-20T11:58:54.544Z"}
[34minfo[39m: Mongo Connected to: cluster0-shard-00-01.mgt38.mongodb.net:27017 {"timestamp":"2025-02-20T12:01:20.849Z"}
[34minfo[39m: Mongo Connected to: cluster0-shard-00-01.mgt38.mongodb.net:27017 {"timestamp":"2025-02-20T12:04:59.709Z"}
[34minfo[39m: Mongo Connected to: cluster0-shard-00-00.mgt38.mongodb.net:27017 {"timestamp":"2025-02-20T12:08:44.268Z"}
[31mfatal[39m: POST /api/orders - INVALID LOCALE 'INVALID PHONE NUMBER' {"timestamp":"2025-02-20T12:08:59.627Z"}
[31mfatal[39m: POST /api/orders - INVALID LOCALE 'INVALID PHONE NUMBER' {"timestamp":"2025-02-20T12:09:18.893Z"}
[34minfo[39m: Mongo Connected to: cluster0-shard-00-02.mgt38.mongodb.net:27017 {"timestamp":"2025-02-20T12:09:34.581Z"}
[34minfo[39m: Mongo Connected to: cluster0-shard-00-00.mgt38.mongodb.net:27017 {"timestamp":"2025-02-20T12:10:22.158Z"}
[31mfatal[39m: POST /api/orders - INVALID LOCALE 'INVALID PHONE NUMBER' {"timestamp":"2025-02-20T12:10:26.899Z"}
[34minfo[39m: Mongo Connected to: cluster0-shard-00-00.mgt38.mongodb.net:27017 {"timestamp":"2025-02-20T12:10:46.404Z"}
[34minfo[39m: Mongo Connected to: cluster0-shard-00-02.mgt38.mongodb.net:27017 {"timestamp":"2025-02-20T12:12:05.669Z"}
[34minfo[39m: Mongo Connected to: cluster0-shard-00-01.mgt38.mongodb.net:27017 {"timestamp":"2025-02-20T12:12:16.079Z"}
[34minfo[39m: Mongo Connected to: cluster0-shard-00-00.mgt38.mongodb.net:27017 {"timestamp":"2025-02-20T12:12:24.357Z"}
[34minfo[39m: Mongo Connected to: cluster0-shard-00-01.mgt38.mongodb.net:27017 {"timestamp":"2025-02-20T12:16:38.596Z"}
[34minfo[39m: Mongo Connected to: cluster0-shard-00-00.mgt38.mongodb.net:27017 {"timestamp":"2025-02-20T12:18:18.785Z"}
[34minfo[39m: Mongo Connected to: cluster0-shard-00-01.mgt38.mongodb.net:27017 {"timestamp":"2025-02-20T12:19:04.755Z"}
[34minfo[39m: Mongo Connected to: cluster0-shard-00-00.mgt38.mongodb.net:27017 {"timestamp":"2025-02-20T12:20:12.964Z"}
[34minfo[39m: Mongo Connected to: cluster0-shard-00-02.mgt38.mongodb.net:27017 {"timestamp":"2025-02-20T12:20:38.250Z"}
[34minfo[39m: Mongo Connected to: cluster0-shard-00-02.mgt38.mongodb.net:27017 {"timestamp":"2025-02-20T12:23:13.304Z"}
[34minfo[39m: Mongo Connected to: cluster0-shard-00-01.mgt38.mongodb.net:27017 {"timestamp":"2025-02-20T12:23:57.170Z"}
[34minfo[39m: Mongo Connected to: cluster0-shard-00-00.mgt38.mongodb.net:27017 {"timestamp":"2025-02-20T12:24:03.887Z"}
[34minfo[39m: Mongo Connected to: cluster0-shard-00-01.mgt38.mongodb.net:27017 {"timestamp":"2025-02-20T12:24:14.662Z"}
[34minfo[39m: Mongo Connected to: cluster0-shard-00-01.mgt38.mongodb.net:27017 {"timestamp":"2025-02-20T12:27:06.786Z"}
[34minfo[39m: Mongo Connected to: cluster0-shard-00-00.mgt38.mongodb.net:27017 {"timestamp":"2025-02-20T12:27:25.513Z"}
[34minfo[39m: Mongo Connected to: cluster0-shard-00-01.mgt38.mongodb.net:27017 {"timestamp":"2025-02-20T12:27:46.467Z"}
[34minfo[39m: Mongo Connected to: cluster0-shard-00-02.mgt38.mongodb.net:27017 {"timestamp":"2025-02-20T12:36:14.960Z"}
[34minfo[39m: Mongo Connected to: cluster0-shard-00-00.mgt38.mongodb.net:27017 {"timestamp":"2025-02-20T12:36:58.501Z"}
[34minfo[39m: Mongo Connected to: cluster0-shard-00-00.mgt38.mongodb.net:27017 {"timestamp":"2025-02-20T14:35:20.263Z"}
[34minfo[39m: Mongo Connected to: cluster0-shard-00-02.mgt38.mongodb.net:27017 {"timestamp":"2025-02-20T14:44:30.800Z"}
[34minfo[39m: Mongo Connected to: cluster0-shard-00-02.mgt38.mongodb.net:27017 {"timestamp":"2025-02-20T14:45:05.017Z"}
[34minfo[39m: Mongo Connected to: cluster0-shard-00-02.mgt38.mongodb.net:27017 {"timestamp":"2025-02-20T14:45:47.134Z"}
[34minfo[39m: Mongo Connected to: cluster0-shard-00-02.mgt38.mongodb.net:27017 {"timestamp":"2025-02-20T14:47:40.311Z"}
[34minfo[39m: Mongo Connected to: cluster0-shard-00-00.mgt38.mongodb.net:27017 {"timestamp":"2025-02-20T14:47:50.420Z"}
[34minfo[39m: Mongo Connected to: cluster0-shard-00-00.mgt38.mongodb.net:27017 {"timestamp":"2025-02-20T14:48:24.567Z"}
[34minfo[39m: Mongo Connected to: cluster0-shard-00-00.mgt38.mongodb.net:27017 {"timestamp":"2025-02-20T14:50:34.988Z"}
[34minfo[39m: Mongo Connected to: cluster0-shard-00-02.mgt38.mongodb.net:27017 {"timestamp":"2025-02-20T14:55:38.092Z"}
[34minfo[39m: Mongo Connected to: cluster0-shard-00-02.mgt38.mongodb.net:27017 {"timestamp":"2025-02-20T14:55:55.761Z"}
[34minfo[39m: Mongo Connected to: cluster0-shard-00-02.mgt38.mongodb.net:27017 {"timestamp":"2025-02-20T14:58:56.225Z"}
[34minfo[39m: Mongo Connected to: cluster0-shard-00-01.mgt38.mongodb.net:27017 {"timestamp":"2025-02-20T14:59:22.871Z"}
[34minfo[39m: Mongo Connected to: cluster0-shard-00-01.mgt38.mongodb.net:27017 {"timestamp":"2025-02-20T14:59:28.056Z"}
[34minfo[39m: Mongo Connected to: cluster0-shard-00-01.mgt38.mongodb.net:27017 {"timestamp":"2025-02-20T14:59:52.919Z"}
[34minfo[39m: Mongo Connected to: cluster0-shard-00-00.mgt38.mongodb.net:27017 {"timestamp":"2025-02-20T15:00:02.863Z"}
[34minfo[39m: Mongo Connected to: cluster0-shard-00-00.mgt38.mongodb.net:27017 {"timestamp":"2025-02-20T15:00:38.175Z"}
[34minfo[39m: Mongo Connected to: cluster0-shard-00-01.mgt38.mongodb.net:27017 {"timestamp":"2025-02-20T15:02:48.548Z"}
[34minfo[39m: Mongo Connected to: cluster0-shard-00-01.mgt38.mongodb.net:27017 {"timestamp":"2025-02-20T15:03:18.242Z"}
[34minfo[39m: Mongo Connected to: cluster0-shard-00-00.mgt38.mongodb.net:27017 {"timestamp":"2025-02-20T15:23:30.677Z"}
[34minfo[39m: Mongo Connected to: cluster0-shard-00-02.mgt38.mongodb.net:27017 {"timestamp":"2025-02-20T15:24:05.109Z"}
[34minfo[39m: Mongo Connected to: cluster0-shard-00-02.mgt38.mongodb.net:27017 {"timestamp":"2025-02-20T15:24:21.318Z"}
[34minfo[39m: Mongo Connected to: cluster0-shard-00-00.mgt38.mongodb.net:27017 {"timestamp":"2025-02-20T15:45:25.851Z"}
[34minfo[39m: Mongo Connected to: cluster0-shard-00-00.mgt38.mongodb.net:27017 {"timestamp":"2025-02-20T15:49:50.453Z"}
[34minfo[39m: Mongo Connected to: cluster0-shard-00-02.mgt38.mongodb.net:27017 {"timestamp":"2025-02-20T16:01:22.658Z"}
[34minfo[39m: Mongo Connected to: cluster0-shard-00-00.mgt38.mongodb.net:27017 {"timestamp":"2025-02-20T16:08:07.082Z"}
